
---- Votes and Modules ----
default: |NEUTRAL|
onedamage: |default|MASK|
one: |default|MASK|
SHOW -shown(2)
NEUTRAL -shown(0)
oneid: |default|MASK|
MASK -hidden(1)
--------   Rules   --------
hide: |MASK|MASK|default|MASK|MASK|default|default|default|default|
keep-one: |one|one|default|one|one|default|default|default|default|
keep-oned: |onedamage|onedamage|default|onedamage|onedamage|default|default|default|default|
keep: |default|default|MASK|default|default|MASK|MASK|MASK|MASK|
keep-onei: |oneid|oneid|default|oneid|oneid|default|default|default|default|
show: |SHOW|SHOW|default|SHOW|SHOW|default|default|default|default|
----------------------------------------------------
6698 items registered
55 filters loaded
1122 items matched in 66 ms
----------------------------------------------------

- actuallyadditions :
	+ blockColoredLamp:                         	keep:[0]
	+ blockColoredLampOn:                       	keep:[0]
	+ blockCrystal:                             	keep:[0]
	+ blockCrystalEmpowered:                    	keep:[0]
	+ blockCrystalOil:                          	keep:[0]
	+ crystaloil:                               	keep:[0]
	+ itemAxeCrystalBlack:                      	keep:[0]
	+ itemAxeCrystalBlue:                       	keep:[0]
	+ itemAxeCrystalGreen:                      	keep:[0]
	+ itemAxeCrystalLightBlue:                  	keep:[0]
	+ itemAxeCrystalRed:                        	keep:[0]
	+ itemAxeCrystalWhite:                      	keep:[0]
	+ itemBattery:                              	keep:[0]/[{Energy:0}]
	+ itemBatteryDouble:                        	keep:[0]/[{Energy:0}]
	+ itemBatteryQuadruple:                     	keep:[0]/[{Energy:0}]
	+ itemBatteryQuintuple:                     	keep:[0]/[{Energy:0}]
	+ itemBatteryTriple:                        	keep:[0]/[{Energy:0}]
	+ itemBootsCrystalBlack:                    	keep:[0]
	+ itemBootsCrystalBlue:                     	keep:[0]
	+ itemBootsCrystalGreen:                    	keep:[0]
	+ itemBootsCrystalLightBlue:                	keep:[0]
	+ itemBootsCrystalRed:                      	keep:[0]
	+ itemBootsCrystalWhite:                    	keep:[0]
	+ itemChestCrystalBlack:                    	keep:[0]
	+ itemChestCrystalBlue:                     	keep:[0]
	+ itemChestCrystalGreen:                    	keep:[0]
	+ itemChestCrystalLightBlue:                	keep:[0]
	+ itemChestCrystalRed:                      	keep:[0]
	+ itemChestCrystalWhite:                    	keep:[0]
	+ itemCrystal:                              	keep:[0]
	+ itemCrystalEmpowered:                     	keep:[0]
	+ itemDrill:                                	keep:[3]/[{Energy:0}]
	+ itemFillingWand:                          	keep:[0]/[{Energy:0}]
	+ itemGrowthRing:                           	keep:[0]/[{Energy:0}]
	+ itemHelmCrystalBlack:                     	keep:[0]
	+ itemHelmCrystalBlue:                      	keep:[0]
	+ itemHelmCrystalGreen:                     	keep:[0]
	+ itemHelmCrystalLightBlue:                 	keep:[0]
	+ itemHelmCrystalRed:                       	keep:[0]
	+ itemHelmCrystalWhite:                     	keep:[0]
	+ itemHoeCrystalBlack:                      	keep:[0]
	+ itemHoeCrystalBlue:                       	keep:[0]
	+ itemHoeCrystalGreen:                      	keep:[0]
	+ itemHoeCrystalLightBlue:                  	keep:[0]
	+ itemHoeCrystalRed:                        	keep:[0]
	+ itemHoeCrystalWhite:                      	keep:[0]
	+ itemJam:                                  	keep:[0]
	+ itemPantsCrystalBlack:                    	keep:[0]
	+ itemPantsCrystalBlue:                     	keep:[0]
	+ itemPantsCrystalGreen:                    	keep:[0]
	+ itemPantsCrystalLightBlue:                	keep:[0]
	+ itemPantsCrystalRed:                      	keep:[0]
	+ itemPantsCrystalWhite:                    	keep:[0]
	+ itemPaxelCrystalBlack:                    	keep:[0]
	+ itemPaxelCrystalBlue:                     	keep:[0]
	+ itemPaxelCrystalGreen:                    	keep:[0]
	+ itemPaxelCrystalLightBlue:                	keep:[0]
	+ itemPaxelCrystalRed:                      	keep:[0]
	+ itemPaxelCrystalWhite:                    	keep:[0]
	+ itemPickaxeCrystalBlack:                  	keep:[0]
	+ itemPickaxeCrystalBlue:                   	keep:[0]
	+ itemPickaxeCrystalGreen:                  	keep:[0]
	+ itemPickaxeCrystalLightBlue:              	keep:[0]
	+ itemPickaxeCrystalRed:                    	keep:[0]
	+ itemPickaxeCrystalWhite:                  	keep:[0]
	+ itemPotionRing:                           	keep:[0]
	+ itemPotionRingAdvanced:                   	keep:[0]
	+ itemShovelCrystalBlack:                   	keep:[0]
	+ itemShovelCrystalBlue:                    	keep:[0]
	+ itemShovelCrystalGreen:                   	keep:[0]
	+ itemShovelCrystalLightBlue:               	keep:[0]
	+ itemShovelCrystalRed:                     	keep:[0]
	+ itemShovelCrystalWhite:                   	keep:[0]
	+ itemSuctionRing:                          	keep:[0]/[{Energy:0}]
	+ itemSwordCrystalBlack:                    	keep:[0]
	+ itemSwordCrystalBlue:                     	keep:[0]
	+ itemSwordCrystalGreen:                    	keep:[0]
	+ itemSwordCrystalLightBlue:                	keep:[0]
	+ itemSwordCrystalRed:                      	keep:[0]
	+ itemSwordCrystalWhite:                    	keep:[0]
	+ itemTeleStaff:                            	keep:[0]/[{Energy:0}]
	+ itemWaterRemovalRing:                     	keep:[0]/[{Energy:0}]
- appliedenergistics2 :
	+ crystal_seed:                             	keep-one:[0, 600, 1200]
	+ encoded_pattern:                          	hide:[]
	+ facade:                                   	keep-one:[]
	+ paint_ball:                               	keep:[0]
	+ part:                                     	hide:[0, 1, 2, 3, 4, 5, 6, 7, 8, 9, 10, 11, 12, 13, 14, 15, 20, 21, 22, 23, 24, 25, 26, 27, 28, 29, 30, 31, 32, 33, 34, 35, 40, 41, 42, 43, 44, 45, 46, 47, 48, 49, 50, 51, 52, 53, 54, 55, 60, 61, 62, 63, 64, 65, 66, 67, 68, 69, 70, 71, 72, 73, 74, 75]
- arsmagica2 :
	+ crystal_phylactery:                       	keep-one:[3]
- bibliocraft :
	+ ArmorStand:                               	keep:[0]
	+ AtlasBook:                                	keep:[0]
	+ AtlasPlate:                               	keep:[0]
	+ Bell:                                     	keep:[0]
	+ BiblioChase:                              	keep:[0]
	+ BiblioClipboard:                          	keep:[0]
	+ BiblioCreativeLock:                       	keep:[0]
	+ BiblioDrill:                              	keep:[0]
	+ BiblioGlasses:                            	keep:[0]
	+ BiblioRedBook:                            	keep:[0]
	+ BigBook:                                  	keep:[0]
	+ Bookcase:                                 	keep:[0]
	+ BookcaseCreative:                         	keep:[0]	hide:[]
	+ Case:                                     	keep:[0]
	+ Clipboard:                                	keep:[0]	hide:[]
	+ Clock:                                    	keep:[0]
	+ compass:                                  	keep:[0]
	+ CookieJar:                                	keep:[0]
	+ DeathCompass:                             	keep:[0]
	+ Desk:                                     	keep:[0]
	+ DinnerPlate:                              	keep:[0]
	+ DiscRack:                                 	keep:[0]
	+ EnchantedPlate:                           	keep:[0]
	+ FancySign:                                	keep:[0]
	+ FancyWorkbench:                           	keep:[0]
	+ FramedChest:                              	keep:[0]
	+ FramingBoard:                             	keep:[0]
	+ FramingSaw:                               	keep:[0]
	+ FramingSheet:                             	keep:[0]
	+ FurniturePaneler:                         	keep:[0]
	+ HandDrill:                                	keep:[0]
	+ Label:                                    	keep:[0]
	+ LampGold:                                 	keep:[0]
	+ LampIron:                                 	keep:[0]
	+ LanternGold:                              	keep:[0]
	+ LanternIron:                              	keep:[0]
	+ MapFrame:                                 	keep:[0]
	+ maptool:                                  	keep:[0]
	+ MarkerPole:                               	keep:[0]	hide:[]
	+ PaintingCanvas:                           	keep:[0]
	+ PaintingFrameBorderless:                  	keep:[0]
	+ PaintingFrameFancy:                       	keep:[0]
	+ PaintingFrameFlat:                        	keep:[0]
	+ PaintingFrameMiddle:                      	keep:[0]
	+ PaintingFrameSimple:                      	keep:[0]
	+ PaintingPress:                            	keep:[0]
	+ PlumbLine:                                	keep:[0]
	+ PotionShelf:                              	keep:[0]
	+ PrintingPress:                            	keep:[0]
	+ PrintPlate:                               	keep:[0]
	+ RecipeBook:                               	keep:[0]
	+ Seat:                                     	keep:[0]
	+ seatback1:                                	keep:[0]
	+ seatback2:                                	keep:[0]
	+ seatback3:                                	keep:[0]
	+ seatback4:                                	keep:[0]
	+ seatback5:                                	keep:[0]
	+ Shelf:                                    	keep:[0]
	+ SlottedBook:                              	keep:[0]
	+ StockroomCatalog:                         	keep:[0]
	+ SwordPedestal:                            	keep:[0]
	+ Table:                                    	keep:[0]
	+ tape:                                     	keep:[0]
	+ tapeMeasure:                              	keep:[0]
	+ TesterItem:                               	keep:[0]
	+ ToolRack:                                 	keep:[0]
	+ TypesettingTable:                         	keep:[0]
	+ Typewriter:                               	keep:[0]
- BloodMagic :
	+ ItemUpgradeTome:                          	keep-one:[0]
	+ ItemUpgradeTrainer:                       	keep-one:[0]
- Botania :
	+ altar:                                    	keep:[0]
	+ biomeStoneA:                              	hide:[]
	+ biomeStoneA0Slab:                         	hide:[]
	+ biomeStoneA0Stairs:                       	hide:[]
	+ biomeStoneA0Wall:                         	hide:[]
	+ biomeStoneA10Slab:                        	hide:[]
	+ biomeStoneA10Stairs:                      	hide:[]
	+ biomeStoneA11Slab:                        	hide:[]
	+ biomeStoneA11Stairs:                      	hide:[]
	+ biomeStoneA12Slab:                        	hide:[]
	+ biomeStoneA12Stairs:                      	hide:[]
	+ biomeStoneA13Slab:                        	hide:[]
	+ biomeStoneA13Stairs:                      	hide:[]
	+ biomeStoneA14Slab:                        	hide:[]
	+ biomeStoneA14Stairs:                      	hide:[]
	+ biomeStoneA15Slab:                        	hide:[]
	+ biomeStoneA15Stairs:                      	hide:[]
	+ biomeStoneA1Slab:                         	hide:[]
	+ biomeStoneA1Stairs:                       	hide:[]
	+ biomeStoneA2Slab:                         	hide:[]
	+ biomeStoneA2Stairs:                       	hide:[]
	+ biomeStoneA3Slab:                         	hide:[]
	+ biomeStoneA3Stairs:                       	hide:[]
	+ biomeStoneA4Slab:                         	hide:[]
	+ biomeStoneA4Stairs:                       	hide:[]
	+ biomeStoneA5Slab:                         	hide:[]
	+ biomeStoneA5Stairs:                       	hide:[]
	+ biomeStoneA6Slab:                         	hide:[]
	+ biomeStoneA6Stairs:                       	hide:[]
	+ biomeStoneA7Slab:                         	hide:[]
	+ biomeStoneA7Stairs:                       	hide:[]
	+ biomeStoneA8Slab:                         	hide:[]
	+ biomeStoneA8Stairs:                       	hide:[]
	+ biomeStoneA9Slab:                         	hide:[]
	+ biomeStoneA9Stairs:                       	hide:[]
	+ biomeStoneB:                              	hide:[]
	+ biomeStoneB0Slab:                         	hide:[]
	+ biomeStoneB0Stairs:                       	hide:[]
	+ biomeStoneB1Slab:                         	hide:[]
	+ biomeStoneB1Stairs:                       	hide:[]
	+ biomeStoneB2Slab:                         	hide:[]
	+ biomeStoneB2Stairs:                       	hide:[]
	+ biomeStoneB3Slab:                         	hide:[]
	+ biomeStoneB3Stairs:                       	hide:[]
	+ biomeStoneB4Slab:                         	hide:[]
	+ biomeStoneB4Stairs:                       	hide:[]
	+ biomeStoneB5Slab:                         	hide:[]
	+ biomeStoneB5Stairs:                       	hide:[]
	+ biomeStoneB6Slab:                         	hide:[]
	+ biomeStoneB6Stairs:                       	hide:[]
	+ biomeStoneB7Slab:                         	hide:[]
	+ biomeStoneB7Stairs:                       	hide:[]
	+ bloodPendant:                             	keep-one:[]
	+ brewFlask:                                	keep-one:[]
	+ brewVial:                                 	keep-one:[]
	+ customBrick:                              	keep:[4]
	+ doubleFlower1:                            	hide:[]
	+ doubleFlower2:                            	hide:[]
	+ dreamwood0Slab:                           	hide:[]
	+ dreamwood0Stairs:                         	hide:[]
	+ dreamwood1Slab:                           	hide:[]
	+ dreamwood1Stairs:                         	hide:[]
	+ dye:                                      	keep:[0]
	+ flightTiara:                              	keep:[0]
	+ floatingSpecialFlower:                    	keep-one:[]
	+ grassSeeds:                               	keep:[0]
	+ incenseStick:                             	keep-one:[]
	+ laputaShard:                              	keep:[0]
	+ livingrock0Slab:                          	hide:[]
	+ livingrock0Stairs:                        	hide:[]
	+ livingrock1Slab:                          	hide:[]
	+ livingrock1Stairs:                        	hide:[]
	+ livingwood0Slab:                          	hide:[]
	+ livingwood0Stairs:                        	hide:[]
	+ livingwood1Slab:                          	hide:[]
	+ livingwood1Stairs:                        	hide:[]
	+ miniIsland:                               	keep:[0]
	+ mushroom:                                 	hide:[]
	+ pavement:                                 	keep:[0]
	+ pavement0Slab:                            	hide:[]
	+ pavement0Stairs:                          	hide:[]
	+ pavement1Slab:                            	hide:[]
	+ pavement1Stairs:                          	hide:[]
	+ pavement2Slab:                            	hide:[]
	+ pavement2Stairs:                          	hide:[]
	+ pavement3Slab:                            	hide:[]
	+ pavement3Stairs:                          	hide:[]
	+ pavement4Slab:                            	hide:[]
	+ pavement4Stairs:                          	hide:[]
	+ pavement5Slab:                            	hide:[]
	+ pavement5Stairs:                          	hide:[]
	+ petal:                                    	keep:[0]
	+ petalBlock:                               	keep:[0]
	+ quartz:                                   	keep:[0]
	+ quartzSlabBlazeHalf:                      	hide:[]
	+ quartzSlabDarkHalf:                       	hide:[]
	+ quartzSlabElfHalf:                        	hide:[]
	+ quartzSlabLavenderHalf:                   	hide:[]
	+ quartzSlabManaHalf:                       	hide:[]
	+ quartzSlabRedHalf:                        	hide:[]
	+ quartzSlabSunnyHalf:                      	hide:[]
	+ quartzStairsBlaze:                        	hide:[]
	+ quartzStairsDark:                         	hide:[]
	+ quartzStairsElf:                          	hide:[]
	+ quartzStairsLavender:                     	hide:[]
	+ quartzStairsMana:                         	hide:[]
	+ quartzStairsRed:                          	hide:[]
	+ quartzStairsSunny:                        	hide:[]
	+ quartzTypeBlaze:                          	hide:[]
	+ quartzTypeDark:                           	hide:[]
	+ quartzTypeElf:                            	hide:[]
	+ quartzTypeLavender:                       	hide:[]
	+ quartzTypeMana:                           	hide:[]
	+ quartzTypeRed:                            	hide:[]
	+ quartzTypeSunny:                          	hide:[]
	+ shimmerrock0Slab:                         	hide:[]
	+ shimmerrock0Stairs:                       	hide:[]
	+ shimmerwoodPlanks0Slab:                   	hide:[]
	+ shimmerwoodPlanks0Stairs:                 	hide:[]
	+ shinyFlower:                              	keep:[0]
	+ specialFlower:                            	keep-one:[]
	+ terraPick:                                	keep-one:[]
	+ twigWand:                                 	keep-one:[]
- ceramics :
	+ clay_barrel_stained:                      	keep:[1]
	+ clay_barrel_stained_extension:            	keep:[1]
	+ clay_bucket:                              	keep-one:[0, 1, 2, 3, 4, 5, 6, 7, 8, 9]
	+ porcelain:                                	keep:[1]
	+ porcelain_barrel:                         	keep:[1]
	+ porcelain_barrel_extension:               	keep:[1]
	+ porcelain_bricks_stairs:                  	keep:[1]
- EnderIO :
	+ blockDarkSteelAnvil:                      	keep:[0]
	+ blockDecoration1:                         	keep:[0]
	+ blockDecoration2:                         	keep:[0]
	+ blockElectricLight:                       	keep:[0]
	+ blockFusedQuartz:                         	keep:[1]
	+ blockFusedQuartz_darkFusedGlass:          	keep:[1]
	+ blockFusedQuartz_darkFusedQuartz:         	keep:[1]
	+ blockFusedQuartz_enlightenedFusedGlass:   	keep:[1]
	+ blockFusedQuartz_enlightenedFusedQuartz:  	keep:[1]
	+ blockFusedQuartz_fusedGlass:              	keep:[1]
	+ blockFusedQuartz_fusedQuartz:             	keep:[1]
	+ blockIngotStorage:                        	hide:[]
	+ blockPaintedCarpet:                       	keep:[1]
	+ blockPaintedDarkSteelTrapdoor:            	keep:[1]
	+ blockPaintedFence:                        	keep:[1]
	+ blockPaintedFenceGate:                    	keep:[1]
	+ blockPaintedFusedQuartz:                  	keep:[1]
	+ blockPaintedGlowstone:                    	keep:[1]
	+ blockPaintedGlowstoneSolid:               	keep:[1]
	+ blockPaintedIronTrapdoor:                 	keep:[1]
	+ blockPaintedPressurePlate:                	keep:[1]
	+ blockPaintedRedstone:                     	keep:[1]
	+ blockPaintedRedstoneSolid:                	keep:[1]
	+ blockPaintedSlab:                         	keep:[1]
	+ blockPaintedStair:                        	keep:[1]
	+ blockPaintedStone:                        	keep:[1]
	+ blockPaintedStoneFence:                   	keep:[1]
	+ blockPaintedStoneSlab:                    	keep:[1]
	+ blockPaintedStoneStair:                   	keep:[1]
	+ blockPaintedWall:                         	keep:[1]
	+ blockPaintedWoodenTrapdoor:               	keep:[1]
	+ blockPoweredSpawner:                      	keep-one:[]
	+ itemBrokenSpawner:                        	hide:[]
	+ itemSoulVessel:                           	keep-one:[]
- extrautils2 :
	+ biomemarker:                              	hide:[]
- forestry :
	+ beeDroneGE:                               	keep-one:[]
	+ beeLarvaeGE:                              	keep-one:[]
	+ beePrincessGE:                            	keep-one:[]
	+ can:                                      	keep-one:[]
	+ capsule:                                  	keep-one:[]
	+ crated.blockCactus:                       	hide:[]
	+ crated.blockPrismarine:                   	hide:[]
	+ crated.blockPrismarineBrick:              	hide:[]
	+ crated.blockPrismarineDark:               	hide:[]
	+ crated.cobblestone:                       	hide:[]
	+ crated.cropCarrot:                        	hide:[]
	+ crated.cropPotato:                        	hide:[]
	+ crated.cropWheat:                         	hide:[]
	+ crated.dirt:                              	hide:[]
	+ crated.dustGlowstone:                     	hide:[]
	+ crated.dustRedstone:                      	hide:[]
	+ crated.forestry.apatite.0:                	hide:[]
	+ crated.forestry.ash.0:                    	hide:[]
	+ crated.forestry.beeCombs.0:               	hide:[]
	+ crated.forestry.beeCombs.1:               	hide:[]
	+ crated.forestry.beeCombs.10:              	hide:[]
	+ crated.forestry.beeCombs.14:              	hide:[]
	+ crated.forestry.beeCombs.15:              	hide:[]
	+ crated.forestry.beeCombs.16:              	hide:[]
	+ crated.forestry.beeCombs.2:               	hide:[]
	+ crated.forestry.beeCombs.3:               	hide:[]
	+ crated.forestry.beeCombs.4:               	hide:[]
	+ crated.forestry.beeCombs.5:               	hide:[]
	+ crated.forestry.beeCombs.6:               	hide:[]
	+ crated.forestry.beeCombs.7:               	hide:[]
	+ crated.forestry.beeCombs.8:               	hide:[]
	+ crated.forestry.beeswax.0:                	hide:[]
	+ crated.forestry.bogEarth.0:               	hide:[]
	+ crated.forestry.fertilizerCompound.0:     	hide:[]
	+ crated.forestry.fruits.0:                 	hide:[]
	+ crated.forestry.fruits.1:                 	hide:[]
	+ crated.forestry.fruits.2:                 	hide:[]
	+ crated.forestry.fruits.3:                 	hide:[]
	+ crated.forestry.fruits.4:                 	hide:[]
	+ crated.forestry.fruits.5:                 	hide:[]
	+ crated.forestry.fruits.6:                 	hide:[]
	+ crated.forestry.honeydew.0:               	hide:[]
	+ crated.forestry.humus.0:                  	hide:[]
	+ crated.forestry.mulch.0:                  	hide:[]
	+ crated.forestry.peat.0:                   	hide:[]
	+ crated.forestry.phosphor.0:               	hide:[]
	+ crated.forestry.pollen.0:                 	hide:[]
	+ crated.forestry.pollen.1:                 	hide:[]
	+ crated.forestry.propolis.0:               	hide:[]
	+ crated.forestry.refractoryWax.0:          	hide:[]
	+ crated.forestry.royalJelly.0:             	hide:[]
	+ crated.gravel:                            	hide:[]
	+ crated.ingotBronze:                       	hide:[]
	+ crated.ingotCopper:                       	hide:[]
	+ crated.ingotTin:                          	hide:[]
	+ crated.minecraft.apple.0:                 	hide:[]
	+ crated.minecraft.brick_block.0:           	hide:[]
	+ crated.minecraft.clay_ball.0:             	hide:[]
	+ crated.minecraft.coal.0:                  	hide:[]
	+ crated.minecraft.coal.1:                  	hide:[]
	+ crated.minecraft.cookie.0:                	hide:[]
	+ crated.minecraft.dirt.2:                  	hide:[]
	+ crated.minecraft.dye.4:                   	hide:[]
	+ crated.minecraft.log.0:                   	hide:[]
	+ crated.minecraft.log.1:                   	hide:[]
	+ crated.minecraft.log.2:                   	hide:[]
	+ crated.minecraft.log.3:                   	hide:[]
	+ crated.minecraft.log2.0:                  	hide:[]
	+ crated.minecraft.log2.1:                  	hide:[]
	+ crated.minecraft.mycelium.0:              	hide:[]
	+ crated.minecraft.nether_brick.0:          	hide:[]
	+ crated.minecraft.nether_wart.0:           	hide:[]
	+ crated.minecraft.sand.0:                  	hide:[]
	+ crated.minecraft.sand.1:                  	hide:[]
	+ crated.minecraft.sandstone.0:             	hide:[]
	+ crated.minecraft.sapling.0:               	hide:[]
	+ crated.minecraft.sapling.1:               	hide:[]
	+ crated.minecraft.sapling.2:               	hide:[]
	+ crated.minecraft.sapling.3:               	hide:[]
	+ crated.minecraft.sapling.4:               	hide:[]
	+ crated.minecraft.sapling.5:               	hide:[]
	+ crated.minecraft.soul_sand.0:             	hide:[]
	+ crated.minecraft.wheat_seeds.0:           	hide:[]
	+ crated.netherrack:                        	hide:[]
	+ crated.obsidian:                          	hide:[]
	+ crated.stone:                             	hide:[]
	+ crated.stoneAndesite:                     	hide:[]
	+ crated.stoneDiorite:                      	hide:[]
	+ crated.stoneGranite:                      	hide:[]
	+ crated.sugarcane:                         	hide:[]
	+ doors.acacia:                             	hide:[]
	+ doors.balsa:                              	hide:[]
	+ doors.baobab:                             	hide:[]
	+ doors.cherry:                             	hide:[]
	+ doors.chestnut:                           	hide:[]
	+ doors.citrus:                             	hide:[]
	+ doors.cocobolo:                           	hide:[]
	+ doors.ebony:                              	hide:[]
	+ doors.giganteum:                          	hide:[]
	+ doors.greenheart:                         	hide:[]
	+ doors.ipe:                                	hide:[]
	+ doors.kapok:                              	hide:[]
	+ doors.larch:                              	hide:[]
	+ doors.lime:                               	hide:[]
	+ doors.mahoe:                              	hide:[]
	+ doors.mahogany:                           	hide:[]
	+ doors.maple:                              	hide:[]
	+ doors.padauk:                             	hide:[]
	+ doors.palm:                               	hide:[]
	+ doors.papaya:                             	hide:[]
	+ doors.pine:                               	hide:[]
	+ doors.plum:                               	hide:[]
	+ doors.poplar:                             	hide:[]
	+ doors.sequoia:                            	hide:[]
	+ doors.teak:                               	hide:[]
	+ doors.walnut:                             	hide:[]
	+ doors.wenge:                              	hide:[]
	+ doors.willow:                             	hide:[]
	+ doors.zebrawood:                          	hide:[]
	+ fence.gates.acacia:                       	hide:[]	keep:[0]
	+ fence.gates.balsa:                        	hide:[]	keep:[0]
	+ fence.gates.baobab:                       	hide:[]	keep:[0]
	+ fence.gates.cherry:                       	hide:[]	keep:[0]
	+ fence.gates.chestnut:                     	hide:[]	keep:[0]
	+ fence.gates.citrus:                       	hide:[]	keep:[0]
	+ fence.gates.cocobolo:                     	hide:[]	keep:[0]
	+ fence.gates.ebony:                        	hide:[]	keep:[0]
	+ fence.gates.fireproof.acacia:             	hide:[]	keep:[0]
	+ fence.gates.fireproof.balsa:              	hide:[]	keep:[0]
	+ fence.gates.fireproof.baobab:             	hide:[]	keep:[0]
	+ fence.gates.fireproof.cherry:             	hide:[]	keep:[0]
	+ fence.gates.fireproof.chestnut:           	hide:[]	keep:[0]
	+ fence.gates.fireproof.citrus:             	hide:[]	keep:[0]
	+ fence.gates.fireproof.cocobolo:           	hide:[]	keep:[0]
	+ fence.gates.fireproof.ebony:              	hide:[]	keep:[0]
	+ fence.gates.fireproof.giganteum:          	hide:[]	keep:[0]
	+ fence.gates.fireproof.greenheart:         	hide:[]	keep:[0]
	+ fence.gates.fireproof.ipe:                	hide:[]	keep:[0]
	+ fence.gates.fireproof.kapok:              	hide:[]	keep:[0]
	+ fence.gates.fireproof.larch:              	hide:[]	keep:[0]
	+ fence.gates.fireproof.lime:               	hide:[]	keep:[0]
	+ fence.gates.fireproof.mahoe:              	hide:[]	keep:[0]
	+ fence.gates.fireproof.mahogany:           	hide:[]	keep:[0]
	+ fence.gates.fireproof.maple:              	hide:[]	keep:[0]
	+ fence.gates.fireproof.padauk:             	hide:[]	keep:[0]
	+ fence.gates.fireproof.palm:               	hide:[]	keep:[0]
	+ fence.gates.fireproof.papaya:             	hide:[]	keep:[0]
	+ fence.gates.fireproof.pine:               	hide:[]	keep:[0]
	+ fence.gates.fireproof.plum:               	hide:[]	keep:[0]
	+ fence.gates.fireproof.poplar:             	hide:[]	keep:[0]
	+ fence.gates.fireproof.sequoia:            	hide:[]	keep:[0]
	+ fence.gates.fireproof.teak:               	hide:[]	keep:[0]
	+ fence.gates.fireproof.walnut:             	hide:[]	keep:[0]
	+ fence.gates.fireproof.wenge:              	hide:[]	keep:[0]
	+ fence.gates.fireproof.willow:             	hide:[]	keep:[0]
	+ fence.gates.fireproof.zebrawood:          	hide:[]	keep:[0]
	+ fence.gates.giganteum:                    	hide:[]	keep:[0]
	+ fence.gates.greenheart:                   	hide:[]	keep:[0]
	+ fence.gates.ipe:                          	hide:[]	keep:[0]
	+ fence.gates.kapok:                        	hide:[]	keep:[0]
	+ fence.gates.larch:                        	hide:[]	keep:[0]
	+ fence.gates.lime:                         	hide:[]	keep:[0]
	+ fence.gates.mahoe:                        	hide:[]	keep:[0]
	+ fence.gates.mahogany:                     	hide:[]	keep:[0]
	+ fence.gates.maple:                        	hide:[]	keep:[0]
	+ fence.gates.padauk:                       	hide:[]	keep:[0]
	+ fence.gates.palm:                         	hide:[]	keep:[0]
	+ fence.gates.papaya:                       	hide:[]	keep:[0]
	+ fence.gates.pine:                         	hide:[]	keep:[0]
	+ fence.gates.plum:                         	hide:[]	keep:[0]
	+ fence.gates.poplar:                       	hide:[]	keep:[0]
	+ fence.gates.sequoia:                      	hide:[]	keep:[0]
	+ fence.gates.teak:                         	hide:[]	keep:[0]
	+ fence.gates.vanilla.fireproof.acacia:     	hide:[]	keep:[0]
	+ fence.gates.vanilla.fireproof.birch:      	hide:[]	keep:[0]
	+ fence.gates.vanilla.fireproof.dark_oak:   	hide:[]	keep:[0]
	+ fence.gates.vanilla.fireproof.jungle:     	hide:[]	keep:[0]
	+ fence.gates.vanilla.fireproof.oak:        	hide:[]	keep:[0]
	+ fence.gates.vanilla.fireproof.spruce:     	hide:[]	keep:[0]
	+ fence.gates.walnut:                       	hide:[]	keep:[0]
	+ fence.gates.wenge:                        	hide:[]	keep:[0]
	+ fence.gates.willow:                       	hide:[]	keep:[0]
	+ fence.gates.zebrawood:                    	hide:[]	keep:[0]
	+ fences.0:                                 	keep:[0]
	+ fences.1:                                 	keep:[0]
	+ fences.fireproof.0:                       	keep:[0]
	+ fences.fireproof.1:                       	keep:[0]
	+ fences.vanilla.fireproof.0:               	keep:[0]
	+ ffarm:                                    	keep-one:[]
	+ leaves:                                   	keep:[0]
	+ leaves.decorative.0:                      	keep:[0]
	+ leaves.decorative.1:                      	keep:[0]
	+ leaves.decorative.2:                      	keep:[0]
	+ pile_ash:                                 	hide:[]
	+ pile_dirt:                                	hide:[]
	+ pile_wood:                                	hide:[]
	+ planks.0:                                 	hide:[]
	+ planks.1:                                 	hide:[]
	+ planks.fireproof.0:                       	hide:[]
	+ planks.fireproof.1:                       	hide:[]
	+ planks.vanilla.fireproof.0:               	hide:[]
	+ pollenFertile:                            	keep-one:[]
	+ refractory:                               	keep-one:[]
	+ slabs.0:                                  	keep:[0]
	+ slabs.1:                                  	keep:[0]
	+ slabs.2:                                  	keep:[0]
	+ slabs.3:                                  	keep:[0]
	+ slabs.double.0:                           	keep:[0]
	+ slabs.double.1:                           	keep:[0]
	+ slabs.double.2:                           	keep:[0]
	+ slabs.double.3:                           	keep:[0]
	+ slabs.double.fireproof.0:                 	keep:[0]
	+ slabs.double.fireproof.1:                 	keep:[0]
	+ slabs.double.fireproof.2:                 	keep:[0]
	+ slabs.double.fireproof.3:                 	keep:[0]
	+ slabs.fireproof.0:                        	keep:[0]
	+ slabs.fireproof.1:                        	keep:[0]
	+ slabs.fireproof.2:                        	keep:[0]
	+ slabs.fireproof.3:                        	keep:[0]
	+ slabs.vanilla.double.fireproof.0:         	keep:[0]
	+ slabs.vanilla.fireproof.0:                	keep:[0]
	+ stairs.acacia:                            	hide:[]
	+ stairs.balsa:                             	hide:[]
	+ stairs.baobab:                            	hide:[]
	+ stairs.cherry:                            	hide:[]
	+ stairs.chestnut:                          	hide:[]
	+ stairs.citrus:                            	hide:[]
	+ stairs.cocobolo:                          	hide:[]
	+ stairs.ebony:                             	hide:[]
	+ stairs.fireproof.acacia:                  	hide:[]
	+ stairs.fireproof.balsa:                   	hide:[]
	+ stairs.fireproof.baobab:                  	hide:[]
	+ stairs.fireproof.cherry:                  	hide:[]
	+ stairs.fireproof.chestnut:                	hide:[]
	+ stairs.fireproof.citrus:                  	hide:[]
	+ stairs.fireproof.cocobolo:                	hide:[]
	+ stairs.fireproof.ebony:                   	hide:[]
	+ stairs.fireproof.giganteum:               	hide:[]
	+ stairs.fireproof.greenheart:              	hide:[]
	+ stairs.fireproof.ipe:                     	hide:[]
	+ stairs.fireproof.kapok:                   	hide:[]
	+ stairs.fireproof.larch:                   	hide:[]
	+ stairs.fireproof.lime:                    	hide:[]
	+ stairs.fireproof.mahoe:                   	hide:[]
	+ stairs.fireproof.mahogany:                	hide:[]
	+ stairs.fireproof.maple:                   	hide:[]
	+ stairs.fireproof.padauk:                  	hide:[]
	+ stairs.fireproof.palm:                    	hide:[]
	+ stairs.fireproof.papaya:                  	hide:[]
	+ stairs.fireproof.pine:                    	hide:[]
	+ stairs.fireproof.plum:                    	hide:[]
	+ stairs.fireproof.poplar:                  	hide:[]
	+ stairs.fireproof.sequoia:                 	hide:[]
	+ stairs.fireproof.teak:                    	hide:[]
	+ stairs.fireproof.walnut:                  	hide:[]
	+ stairs.fireproof.wenge:                   	hide:[]
	+ stairs.fireproof.willow:                  	hide:[]
	+ stairs.fireproof.zebrawood:               	hide:[]
	+ stairs.giganteum:                         	hide:[]
	+ stairs.greenheart:                        	hide:[]
	+ stairs.ipe:                               	hide:[]
	+ stairs.kapok:                             	hide:[]
	+ stairs.larch:                             	hide:[]
	+ stairs.lime:                              	hide:[]
	+ stairs.mahoe:                             	hide:[]
	+ stairs.mahogany:                          	hide:[]
	+ stairs.maple:                             	hide:[]
	+ stairs.padauk:                            	hide:[]
	+ stairs.palm:                              	hide:[]
	+ stairs.papaya:                            	hide:[]
	+ stairs.pine:                              	hide:[]
	+ stairs.plum:                              	hide:[]
	+ stairs.poplar:                            	hide:[]
	+ stairs.sequoia:                           	hide:[]
	+ stairs.teak:                              	hide:[]
	+ stairs.vanilla.fireproof.acacia:          	hide:[]
	+ stairs.vanilla.fireproof.birch:           	hide:[]
	+ stairs.vanilla.fireproof.dark_oak:        	hide:[]
	+ stairs.vanilla.fireproof.jungle:          	hide:[]
	+ stairs.vanilla.fireproof.oak:             	hide:[]
	+ stairs.vanilla.fireproof.spruce:          	hide:[]
	+ stairs.walnut:                            	hide:[]
	+ stairs.wenge:                             	hide:[]
	+ stairs.willow:                            	hide:[]
	+ stairs.zebrawood:                         	hide:[]
- forge :
	+ bucketFilled:                             	keep-one:[]
- gendustry :
	+ GeneSample:                               	keep-one:[]
	+ GeneTemplate:                             	keep-one:[]
- harvestcraft :
	+ almond_sapling:                           	hide:[]
	+ anchovyrawItem:                           	hide:[]
	+ apple_sapling:                            	hide:[]
	+ apricot_sapling:                          	hide:[]
	+ aridgarden:                               	hide:[]
	+ artichokeseedItem:                        	hide:[]
	+ asparagusseedItem:                        	hide:[]
	+ avocado_sapling:                          	hide:[]
	+ bambooshootseedItem:                      	hide:[]
	+ banana_sapling:                           	hide:[]
	+ barleyseedItem:                           	hide:[]
	+ bassrawItem:                              	hide:[]
	+ beanseedItem:                             	hide:[]
	+ beetseedItem:                             	hide:[]
	+ bellpepperseedItem:                       	hide:[]
	+ blackberryseedItem:                       	hide:[]
	+ blueberryseedItem:                        	hide:[]
	+ broccoliseedItem:                         	hide:[]
	+ brusselsproutseedItem:                    	hide:[]
	+ cabbageseedItem:                          	hide:[]
	+ cactusfruitseedItem:                      	hide:[]
	+ calamarirawItem:                          	hide:[]
	+ candleberryItem:                          	hide:[]
	+ candleberryseedItem:                      	hide:[]	hide:[]
	+ candleDeco1:                              	hide:[]
	+ candleDeco10:                             	hide:[]
	+ candleDeco11:                             	hide:[]
	+ candleDeco12:                             	hide:[]
	+ candleDeco13:                             	hide:[]
	+ candleDeco14:                             	hide:[]
	+ candleDeco15:                             	hide:[]
	+ candleDeco16:                             	hide:[]
	+ candleDeco2:                              	hide:[]
	+ candleDeco3:                              	hide:[]
	+ candleDeco4:                              	hide:[]
	+ candleDeco5:                              	hide:[]
	+ candleDeco6:                              	hide:[]
	+ candleDeco7:                              	hide:[]
	+ candleDeco8:                              	hide:[]
	+ candleDeco9:                              	hide:[]
	+ cantaloupeseedItem:                       	hide:[]
	+ carprawItem:                              	hide:[]
	+ carrotcake:                               	hide:[]
	+ cashew_sapling:                           	hide:[]
	+ catfishrawItem:                           	hide:[]
	+ cauliflowerseedItem:                      	hide:[]
	+ celeryseedItem:                           	hide:[]
	+ charrrawItem:                             	hide:[]
	+ cheesecake:                               	hide:[]
	+ cherry_sapling:                           	hide:[]
	+ cherrycheesecake:                         	hide:[]
	+ chestnut_sapling:                         	hide:[]
	+ chilipepperseedItem:                      	hide:[]
	+ chocolatesprinklecake:                    	hide:[]
	+ chocolatestrawberryItem:                  	hide:[]
	+ cinnamon_sapling:                         	hide:[]
	+ clamrawItem:                              	hide:[]
	+ coconut_sapling:                          	hide:[]
	+ coffeeseedItem:                           	hide:[]
	+ cornseedItem:                             	hide:[]
	+ cottonseedItem:                           	hide:[]
	+ crabrawItem:                              	hide:[]
	+ cranberryseedItem:                        	hide:[]
	+ crayfishrawItem:                          	hide:[]
	+ cucumberseedItem:                         	hide:[]
	+ curryleafseedItem:                        	hide:[]
	+ date_sapling:                             	hide:[]
	+ dragonfruit_sapling:                      	hide:[]
	+ durian_sapling:                           	hide:[]
	+ eelrawItem:                               	hide:[]
	+ eggplantseedItem:                         	hide:[]
	+ fig_sapling:                              	hide:[]
	+ frograwItem:                              	hide:[]
	+ frostgarden:                              	hide:[]
	+ garlicseedItem:                           	hide:[]
	+ gingerseedItem:                           	hide:[]
	+ gooseberry_sapling:                       	hide:[]
	+ grapefruit_sapling:                       	hide:[]
	+ grapeseedItem:                            	hide:[]
	+ grouperrawItem:                           	hide:[]
	+ herringrawItem:                           	hide:[]
	+ holidaycake:                              	hide:[]
	+ jellyfishrawItem:                         	hide:[]
	+ kiwiseedItem:                             	hide:[]
	+ lamingtoncake:                            	hide:[]
	+ leekseedItem:                             	hide:[]
	+ lemon_sapling:                            	hide:[]
	+ lettuceseedItem:                          	hide:[]
	+ lime_sapling:                             	hide:[]
	+ mango_sapling:                            	hide:[]
	+ maple_sapling:                            	hide:[]
	+ mudfishrawItem:                           	hide:[]
	+ mustardseedItem:                          	hide:[]
	+ nutmeg_sapling:                           	hide:[]
	+ oatsseedItem:                             	hide:[]
	+ octopusrawItem:                           	hide:[]
	+ okraseedItem:                             	hide:[]
	+ olive_sapling:                            	hide:[]
	+ onionseedItem:                            	hide:[]
	+ orange_sapling:                           	hide:[]
	+ pamAlmond:                                	hide:[]
	+ pamApple:                                 	hide:[]
	+ pamApricot:                               	hide:[]
	+ pamartichokeCrop:                         	hide:[]
	+ pamasparagusCrop:                         	hide:[]
	+ pamAvocado:                               	hide:[]
	+ pambambooshootCrop:                       	hide:[]
	+ pamBanana:                                	hide:[]
	+ pambarleyCrop:                            	hide:[]
	+ pambeanCrop:                              	hide:[]
	+ pambeetCrop:                              	hide:[]
	+ pambellpepperCrop:                        	hide:[]
	+ pamblackberryCrop:                        	hide:[]
	+ pamblueberryCrop:                         	hide:[]
	+ pambroccoliCrop:                          	hide:[]
	+ pambrusselsproutCrop:                     	hide:[]
	+ pamcabbageCrop:                           	hide:[]
	+ pamcactusfruitCrop:                       	hide:[]
	+ pamcandleberryCrop:                       	hide:[]
	+ pamcantaloupeCrop:                        	hide:[]
	+ pamCashew:                                	hide:[]
	+ pamcauliflowerCrop:                       	hide:[]
	+ pamceleryCrop:                            	hide:[]
	+ pamCherry:                                	hide:[]
	+ pamChestnut:                              	hide:[]
	+ pamchilipepperCrop:                       	hide:[]
	+ pamCinnamon:                              	hide:[]
	+ pamCoconut:                               	hide:[]
	+ pamcoffeebeanCrop:                        	hide:[]
	+ pamcornCrop:                              	hide:[]
	+ pamcottonCrop:                            	hide:[]
	+ pamcranberryCrop:                         	hide:[]
	+ pamcucumberCrop:                          	hide:[]
	+ pamcurryleafCrop:                         	hide:[]
	+ pamDate:                                  	hide:[]
	+ pamDragonfruit:                           	hide:[]
	+ pamDurian:                                	hide:[]
	+ pameggplantCrop:                          	hide:[]
	+ pamFig:                                   	hide:[]
	+ pamgarlicCrop:                            	hide:[]
	+ pamgingerCrop:                            	hide:[]
	+ pamGooseberry:                            	hide:[]
	+ pamgrapeCrop:                             	hide:[]
	+ pamGrapefruit:                            	hide:[]
	+ pamkiwiCrop:                              	hide:[]
	+ pamleekCrop:                              	hide:[]
	+ pamLemon:                                 	hide:[]
	+ pamlettuceCrop:                           	hide:[]
	+ pamLime:                                  	hide:[]
	+ pamMango:                                 	hide:[]
	+ pamMaple:                                 	hide:[]
	+ pammustardseedsCrop:                      	hide:[]
	+ pamNutmeg:                                	hide:[]
	+ pamoatsCrop:                              	hide:[]
	+ pamokraCrop:                              	hide:[]
	+ pamOlive:                                 	hide:[]
	+ pamonionCrop:                             	hide:[]
	+ pamOrange:                                	hide:[]
	+ pamPapaya:                                	hide:[]
	+ pamPaperbark:                             	hide:[]
	+ pamparsnipCrop:                           	hide:[]
	+ pamPeach:                                 	hide:[]
	+ pampeanutCrop:                            	hide:[]
	+ pamPear:                                  	hide:[]
	+ pampeasCrop:                              	hide:[]
	+ pamPecan:                                 	hide:[]
	+ pamPeppercorn:                            	hide:[]
	+ pamPersimmon:                             	hide:[]
	+ pampineappleCrop:                         	hide:[]
	+ pamPistachio:                             	hide:[]
	+ pamPlum:                                  	hide:[]
	+ pamPomegranate:                           	hide:[]
	+ pamradishCrop:                            	hide:[]
	+ pamraspberryCrop:                         	hide:[]
	+ pamrhubarbCrop:                           	hide:[]
	+ pamriceCrop:                              	hide:[]
	+ pamrutabagaCrop:                          	hide:[]
	+ pamryeCrop:                               	hide:[]
	+ pamscallionCrop:                          	hide:[]
	+ pamseaweedCrop:                           	hide:[]
	+ pamsesameseedsCrop:                       	hide:[]
	+ pamsoybeanCrop:                           	hide:[]
	+ pamspiceleafCrop:                         	hide:[]
	+ pamspinachCrop:                           	hide:[]
	+ pamStarfruit:                             	hide:[]
	+ pamstrawberryCrop:                        	hide:[]
	+ pamsweetpotatoCrop:                       	hide:[]
	+ pamtealeafCrop:                           	hide:[]
	+ pamtomatoCrop:                            	hide:[]
	+ pamturnipCrop:                            	hide:[]
	+ pamVanillabean:                           	hide:[]
	+ pamWalnut:                                	hide:[]
	+ pamwaterchestnutCrop:                     	hide:[]
	+ pamwhitemushroomCrop:                     	hide:[]
	+ pamwintersquashCrop:                      	hide:[]
	+ pamzucchiniCrop:                          	hide:[]
	+ papaya_sapling:                           	hide:[]
	+ paperbark_sapling:                        	hide:[]
	+ parsnipseedItem:                          	hide:[]
	+ pavlovacake:                              	hide:[]
	+ peach_sapling:                            	hide:[]
	+ peanutseedItem:                           	hide:[]
	+ pear_sapling:                             	hide:[]
	+ peasseedItem:                             	hide:[]
	+ pecan_sapling:                            	hide:[]
	+ peppercorn_sapling:                       	hide:[]
	+ perchrawItem:                             	hide:[]
	+ persimmon_sapling:                        	hide:[]
	+ pineappleseedItem:                        	hide:[]
	+ pineappleupsidedowncake:                  	hide:[]
	+ pistachio_sapling:                        	hide:[]
	+ plum_sapling:                             	hide:[]
	+ pomegranate_sapling:                      	hide:[]
	+ pumpkincheesecake:                        	hide:[]
	+ radishseedItem:                           	hide:[]
	+ raspberryseedItem:                        	hide:[]
	+ rawtofabbitItem:                          	hide:[]
	+ rawtofaconItem:                           	hide:[]
	+ rawtofeakItem:                            	hide:[]
	+ rawtofeegItem:                            	hide:[]
	+ rawtofenisonItem:                         	hide:[]
	+ rawtofickenItem:                          	hide:[]
	+ rawtofishItem:                            	hide:[]
	+ rawtofurkeyItem:                          	hide:[]
	+ rawtofuttonItem:                          	hide:[]
	+ redvelvetcake:                            	hide:[]
	+ rhubarbseedItem:                          	hide:[]
	+ riceseedItem:                             	hide:[]
	+ rutabagaseedItem:                         	hide:[]
	+ ryeseedItem:                              	hide:[]
	+ scallionseedItem:                         	hide:[]
	+ scalloprawItem:                           	hide:[]
	+ seaweedseedItem:                          	hide:[]
	+ sesameseedsseedItem:                      	hide:[]
	+ shadedgarden:                             	hide:[]
	+ shrimprawItem:                            	hide:[]
	+ snailrawItem:                             	hide:[]
	+ snapperrawItem:                           	hide:[]
	+ soggygarden:                              	hide:[]
	+ soybeanseedItem:                          	hide:[]
	+ spiceleafseedItem:                        	hide:[]
	+ spinachseedItem:                          	hide:[]
	+ starfruit_sapling:                        	hide:[]
	+ strawberryicecreamItem:                   	hide:[]
	+ strawberryItem:                           	hide:[]
	+ strawberryjellyItem:                      	hide:[]
	+ strawberryjellysandwichItem:              	hide:[]
	+ strawberryjuiceItem:                      	hide:[]
	+ strawberrymilkshakeItem:                  	hide:[]
	+ strawberrypieItem:                        	hide:[]
	+ strawberrysaladItem:                      	hide:[]
	+ strawberryseedItem:                       	hide:[]	hide:[]
	+ strawberrysmoothieItem:                   	hide:[]
	+ strawberrysodaItem:                       	hide:[]
	+ strawberryyogurtItem:                     	hide:[]
	+ sweetpotatoseedItem:                      	hide:[]
	+ teaseedItem:                              	hide:[]
	+ tilapiarawItem:                           	hide:[]
	+ tomatoseedItem:                           	hide:[]
	+ tropicalgarden:                           	hide:[]
	+ troutrawItem:                             	hide:[]
	+ tunarawItem:                              	hide:[]
	+ turkeyrawItem:                            	hide:[]
	+ turnipseedItem:                           	hide:[]
	+ turtlerawItem:                            	hide:[]
	+ vanillabean_sapling:                      	hide:[]
	+ venisonrawItem:                           	hide:[]
	+ walleyerawItem:                           	hide:[]
	+ walnut_sapling:                           	hide:[]
	+ waterchestnutseedItem:                    	hide:[]
	+ whitemushroomseedItem:                    	hide:[]
	+ windygarden:                              	hide:[]
	+ wintersquashseedItem:                     	hide:[]
	+ zucchiniseedItem:                         	hide:[]
- immersiveengineering :
	+ shader:                                   	keep-one:[0]
- Mekanism :
	+ Balloon:                                  	keep:[15]
	+ Clump:                                    	hide:[]
	+ Crystal:                                  	hide:[]
	+ DirtyDust:                                	hide:[]
	+ GasTank:                                  	hide:[0]/[*gasName*]
	+ GlowPanel:                                	keep:[15]
	+ GlowPlasticBlock:                         	keep:[15]
	+ MachineBlock2:                            	hide:[11]/[*FluidName*]
	+ PlasticBlock:                             	keep:[15]
	+ PlasticFence:                             	keep:[15]
	+ ReinforcedPlasticBlock:                   	keep:[15]
	+ RoadPlasticBlock:                         	keep:[15]
	+ Shard:                                    	hide:[]
	+ SlickPlasticBlock:                        	keep:[15]
- microblockcbe :
	+ microblock:                               	keep-one:[1, 2, 4, 257, 258, 260, 513, 514, 516, 769, 770, 772]
- minecraft :
	+ arrow:                                    	keep-one:[0]
	+ banner:                                   	keep:[0]
	+ book:                                     	keep-one:[0]
	+ carpet:                                   	keep:[0]
	+ enchanted_book:                           	keep-one:[0]
	+ lingering_potion:                         	keep-one:[0]
	+ spectral_arrow:                           	keep-one:[0]
	+ splash_potion:                            	keep-one:[0]
	+ stained_glass:                            	keep:[0]
	+ stained_glass_pane:                       	keep:[0]
	+ stained_hardened_clay:                    	keep:[0]
	+ tipped_arrow:                             	keep-one:[0]
	+ wool:                                     	keep:[0]
	+ writable_book:                            	keep-one:[0]
	+ written_book:                             	keep-one:[0]
- psionup :
	+ brightPlate:                              	keep:[0]
	+ cadCase:                                  	keep:[0]
	+ darkPlate:                                	keep:[0]
- quark :
	+ ancient_tome:                             	keep:[0]
	+ rune:                                     	keep:[0]
- railcraft :
	+ glass:                                    	keep:[0]
- rscircuits :
	+ blueprint:                                	keep-one:[4]
	+ punchcard:                                	hide:[0, 1, 2, 3, 4, 5, 6, 7, 8, 9, 10, 11, 12, 13, 14, 15, 16, 17]
	+ redwire:                                  	hide:[0, 1, 2, 3, 4, 5, 6, 7, 8, 9, 10, 11, 12, 13, 14, 15, 16, 17]
- storagedrawers :
	+ basicDrawers:                             	keep-one:[]
- tconstruct :
	+ alubrass:                                 	keep-one:[0]
	+ aluminum:                                 	keep-one:[0]
	+ ardite:                                   	keep-one:[0]
	+ arrow:                                    	keep-one:[0]
	+ arrow_head:                               	keep-one:[0]
	+ arrow_shaft:                              	keep-one:[0]
	+ axe_head:                                 	keep-one:[0]
	+ battlesign:                               	keep-one:[0]
	+ binding:                                  	keep-one:[0]
	+ blood:                                    	keep-one:[0]
	+ blueslime:                                	keep-one:[0]
	+ bolt:                                     	keep-one:[0]
	+ bolt_core:                                	keep-one:[0]
	+ book:                                     	keep-one:[0]
	+ bow_limb:                                 	keep-one:[0]
	+ bow_string:                               	keep-one:[0]
	+ brass:                                    	keep-one:[0]
	+ broad_axe_head:                           	keep-one:[0]
	+ broadsword:                               	keep-one:[0]
	+ bronze:                                   	keep-one:[0]
	+ brownstone:                               	keep-one:[0]	keep:[0]
	+ brownstone_slab:                          	keep-one:[0]	hide:[]
	+ brownstone_slab2:                         	keep-one:[0]	hide:[]
	+ brownstone_stairs_brick:                  	keep-one:[0]	hide:[]
	+ brownstone_stairs_brick_cracked:          	keep-one:[0]	hide:[]
	+ brownstone_stairs_brick_fancy:            	keep-one:[0]	hide:[]
	+ brownstone_stairs_brick_small:            	keep-one:[0]	hide:[]
	+ brownstone_stairs_brick_square:           	keep-one:[0]	hide:[]
	+ brownstone_stairs_brick_triangle:         	keep-one:[0]	hide:[]
	+ brownstone_stairs_creeper:                	keep-one:[0]	hide:[]
	+ brownstone_stairs_paver:                  	keep-one:[0]	hide:[]
	+ brownstone_stairs_road:                   	keep-one:[0]	hide:[]
	+ brownstone_stairs_rough:                  	keep-one:[0]	hide:[]
	+ brownstone_stairs_smooth:                 	keep-one:[0]	hide:[]
	+ brownstone_stairs_tile:                   	keep-one:[0]	hide:[]
	+ cast:                                     	keep-one:[0]
	+ cast_custom:                              	keep-one:[0]
	+ casting:                                  	keep-one:[0]
	+ clay:                                     	keep-one:[0]
	+ clay_cast:                                	keep-one:[0]
	+ clear_glass:                              	keep-one:[0]
	+ clear_stained_glass:                      	keep-one:[0]	keep:[0]
	+ cleaver:                                  	keep-one:[0]
	+ cobalt:                                   	keep-one:[0]
	+ copper:                                   	keep-one:[0]
	+ cross_guard:                              	keep-one:[0]
	+ crossbow:                                 	keep-one:[0]
	+ deco_ground:                              	keep-one:[0]
	+ deco_ground_slab:                         	keep-one:[0]	hide:[]
	+ dirt:                                     	keep-one:[0]
	+ dried_brick_stairs:                       	keep-one:[0]	hide:[]
	+ dried_clay:                               	keep-one:[0]
	+ dried_clay_slab:                          	keep-one:[0]	hide:[]
	+ dried_clay_stairs:                        	keep-one:[0]	hide:[]
	+ edible:                                   	keep-one:[0]	keep:[0, 1, 10, 30]
	+ electrum:                                 	keep-one:[0]
	+ emerald:                                  	keep-one:[0]
	+ excavator:                                	keep-one:[0]
	+ excavator_head:                           	keep-one:[0]
	+ fancy_frame:                              	keep-one:[0]	keep:[0]
	+ faucet:                                   	keep-one:[0]
	+ firewood:                                 	keep-one:[0]
	+ firewood_slab:                            	keep-one:[0]	hide:[]
	+ firewood_stairs:                          	keep-one:[0]	hide:[]
	+ fletching:                                	keep-one:[0]
	+ frypan:                                   	keep-one:[0]
	+ gold:                                     	keep-one:[0]
	+ hammer:                                   	keep-one:[0]
	+ hammer_head:                              	keep-one:[0]
	+ hand_guard:                               	keep-one:[0]
	+ hatchet:                                  	keep-one:[0]
	+ ingots:                                   	keep-one:[0]
	+ iron:                                     	keep-one:[0]
	+ knife_blade:                              	keep-one:[0]
	+ knightslime:                              	keep-one:[0]
	+ large_plate:                              	keep-one:[0]
	+ large_sword_blade:                        	keep-one:[0]
	+ lavawood_stairs:                          	keep-one:[0]	hide:[]
	+ lead:                                     	keep-one:[0]
	+ longbow:                                  	keep-one:[0]
	+ longsword:                                	keep-one:[0]
	+ lumberaxe:                                	keep-one:[0]
	+ manyullyn:                                	keep-one:[0]
	+ materials:                                	keep-one:[0]
	+ mattock:                                  	keep-one:[0]
	+ metal:                                    	keep-one:[0]	keep:[0]
	+ milk:                                     	keep-one:[0]
	+ molten_alubrass:                          	keep-one:[0]
	+ molten_aluminum:                          	keep-one:[0]
	+ molten_ardite:                            	keep-one:[0]
	+ molten_brass:                             	keep-one:[0]
	+ molten_bronze:                            	keep-one:[0]
	+ molten_clay:                              	keep-one:[0]
	+ molten_cobalt:                            	keep-one:[0]
	+ molten_copper:                            	keep-one:[0]
	+ molten_dirt:                              	keep-one:[0]
	+ molten_electrum:                          	keep-one:[0]
	+ molten_emerald:                           	keep-one:[0]
	+ molten_glass:                             	keep-one:[0]
	+ molten_gold:                              	keep-one:[0]
	+ molten_iron:                              	keep-one:[0]
	+ molten_knightslime:                       	keep-one:[0]
	+ molten_lead:                              	keep-one:[0]
	+ molten_manyullyn:                         	keep-one:[0]
	+ molten_nickel:                            	keep-one:[0]
	+ molten_obsidian:                          	keep-one:[0]
	+ molten_pigiron:                           	keep-one:[0]
	+ molten_silver:                            	keep-one:[0]
	+ molten_steel:                             	keep-one:[0]
	+ molten_stone:                             	keep-one:[0]	keep:[0]
	+ molten_tin:                               	keep-one:[0]
	+ molten_zinc:                              	keep-one:[0]
	+ moms_spaghetti:                           	keep-one:[0]
	+ mudbrick_stairs:                          	keep-one:[0]	hide:[]
	+ nickel:                                   	keep-one:[0]
	+ nuggets:                                  	keep-one:[0]
	+ obsidian:                                 	keep-one:[0]
	+ ore:                                      	keep-one:[0]
	+ pan_head:                                 	keep-one:[0]
	+ pattern:                                  	keep-one:[0]
	+ pick_head:                                	keep-one:[0]
	+ pickaxe:                                  	keep-one:[0]
	+ piggybackpack:                            	keep-one:[0]
	+ pigiron:                                  	keep-one:[0]
	+ punji:                                    	keep-one:[0]
	+ purpleslime:                              	keep-one:[0]
	+ rack:                                     	keep-one:[0]
	+ rapier:                                   	keep-one:[0]
	+ scythe:                                   	keep-one:[0]
	+ scythe_head:                              	keep-one:[0]
	+ seared:                                   	keep-one:[0]	keep:[0, 1, 3]
	+ seared_furnace_controller:                	keep-one:[0]
	+ seared_glass:                             	keep-one:[0]
	+ seared_slab:                              	keep-one:[0]	hide:[]
	+ seared_slab2:                             	keep-one:[0]	hide:[]
	+ seared_stairs_brick:                      	keep-one:[0]	hide:[]
	+ seared_stairs_brick_cracked:              	keep-one:[0]	hide:[]
	+ seared_stairs_brick_fancy:                	keep-one:[0]	hide:[]
	+ seared_stairs_brick_small:                	keep-one:[0]	hide:[]
	+ seared_stairs_brick_square:               	keep-one:[0]	hide:[]
	+ seared_stairs_brick_triangle:             	keep-one:[0]	hide:[]
	+ seared_stairs_cobble:                     	keep-one:[0]	hide:[]
	+ seared_stairs_creeper:                    	keep-one:[0]	hide:[]
	+ seared_stairs_paver:                      	keep-one:[0]	hide:[]
	+ seared_stairs_road:                       	keep-one:[0]	hide:[]
	+ seared_stairs_stone:                      	keep-one:[0]	keep:[0]	hide:[]
	+ seared_stairs_tile:                       	keep-one:[0]	hide:[]
	+ seared_tank:                              	keep-one:[0]
	+ shard:                                    	keep-one:[0]
	+ sharpening_kit:                           	keep-one:[0]
	+ shortbow:                                 	keep-one:[0]
	+ shovel:                                   	keep-one:[0]
	+ shovel_head:                              	keep-one:[0]
	+ shuriken:                                 	keep-one:[0]
	+ sign_head:                                	keep-one:[0]
	+ silver:                                   	keep-one:[0]
	+ slime:                                    	keep-one:[0]
	+ slime_boots:                              	keep-one:[0]	keep:[0]
	+ slime_channel:                            	keep-one:[0]	keep:[0]
	+ slime_congealed:                          	keep-one:[0]	keep:[0]
	+ slime_dirt:                               	keep-one:[0]	keep:[0]
	+ slime_grass:                              	keep-one:[0]	keep:[0]
	+ slime_grass_tall:                         	keep-one:[0]	keep:[0]
	+ slime_leaves:                             	keep-one:[0]	keep:[0]
	+ slime_sapling:                            	keep-one:[0]	keep:[0]
	+ slime_vine_blue:                          	keep-one:[0]	keep:[0]
	+ slime_vine_blue_end:                      	keep-one:[0]	keep:[0]
	+ slime_vine_blue_mid:                      	keep-one:[0]	keep:[0]
	+ slime_vine_purple:                        	keep-one:[0]	keep:[0]
	+ slime_vine_purple_end:                    	keep-one:[0]	keep:[0]
	+ slime_vine_purple_mid:                    	keep-one:[0]	keep:[0]
	+ slimesling:                               	keep-one:[0]
	+ smeltery_controller:                      	keep-one:[0]
	+ smeltery_io:                              	keep-one:[0]
	+ soil:                                     	keep-one:[0]	keep:[0]
	+ spaghetti:                                	keep-one:[0]
	+ steel:                                    	keep-one:[0]
	+ stone:                                    	keep-one:[0]	keep:[0]
	+ stone_ladder:                             	keep-one:[0]
	+ stone_stick:                              	keep-one:[0]
	+ stone_torch:                              	keep-one:[0]
	+ sword_blade:                              	keep-one:[0]
	+ throwball:                                	keep-one:[0]
	+ tin:                                      	keep-one:[0]
	+ tinker_tank_controller:                   	keep-one:[0]
	+ tool_rod:                                 	keep-one:[0]
	+ toolforge:                                	keep-one:[0]
	+ tooltables:                               	keep-one:[0]	keep-one:[]
	+ tough_binding:                            	keep-one:[0]
	+ tough_tool_rod:                           	keep-one:[0]
	+ wide_guard:                               	keep-one:[0]
	+ wood_rail:                                	keep-one:[0]
	+ wood_rail_trapdoor:                       	keep-one:[0]
	+ zinc:                                     	keep-one:[0]
- techreborn :
	+ dynamicCell:                              	keep:[0]/[]
- thermalexpansion :
	+ florb:                                    	keep-one:[0, 1, 2, 3, 4, 5, 6, 7, 8, 9]